2025-05-08 16:45:25,334 - DEBUG - Starting new HTTPS connection (1): secure.quikchex.in:443
2025-05-08 16:45:25,610 - DEBUG - https://secure.quikchex.in:443 "GET / HTTP/1.1" 302 None
2025-05-08 16:45:25,666 - DEBUG - https://secure.quikchex.in:443 "GET /users/sign_in HTTP/1.1" 200 4671
2025-05-08 16:45:26,675 - DEBUG - Starting new HTTPS connection (1): secure.quikchex.in:443
2025-05-08 16:45:27,006 - DEBUG - https://secure.quikchex.in:443 "POST /users/sign_in HTTP/1.1" 302 None
2025-05-08 16:45:27,082 - DEBUG - https://secure.quikchex.in:443 "GET /users/sign_in HTTP/1.1" 200 4685
2025-05-08 16:45:27,593 - DEBUG - Starting new HTTPS connection (1): secure.quikchex.in:443
2025-05-08 16:45:27,853 - DEBUG - https://secure.quikchex.in:443 "POST /send_opt_email HTTP/1.1" 401 None
2025-05-08 16:46:21,797 - DEBUG - Starting new HTTPS connection (1): secure.quikchex.in:443
2025-05-08 16:46:21,998 - DEBUG - https://secure.quikchex.in:443 "GET / HTTP/1.1" 302 None
2025-05-08 16:46:22,053 - DEBUG - https://secure.quikchex.in:443 "GET /users/sign_in HTTP/1.1" 200 4667
2025-05-08 16:46:23,062 - DEBUG - Starting new HTTPS connection (1): secure.quikchex.in:443
2025-05-08 16:46:23,360 - DEBUG - https://secure.quikchex.in:443 "POST /users/sign_in HTTP/1.1" 302 None
2025-05-08 16:46:23,414 - DEBUG - https://secure.quikchex.in:443 "GET /users/sign_in HTTP/1.1" 200 4683
2025-05-08 16:46:23,923 - DEBUG - Starting new HTTPS connection (1): secure.quikchex.in:443
2025-05-08 16:46:24,233 - DEBUG - https://secure.quikchex.in:443 "POST /send_opt_email HTTP/1.1" 401 None
2025-05-08 16:46:42,609 - DEBUG - Starting new HTTPS connection (1): secure.quikchex.in:443
2025-05-08 16:46:42,766 - DEBUG - https://secure.quikchex.in:443 "GET / HTTP/1.1" 302 None
2025-05-08 16:46:42,821 - DEBUG - https://secure.quikchex.in:443 "GET /users/sign_in HTTP/1.1" 200 4668
2025-05-08 16:46:43,830 - DEBUG - Starting new HTTPS connection (1): secure.quikchex.in:443
2025-05-08 16:46:44,185 - DEBUG - https://secure.quikchex.in:443 "POST /users/sign_in HTTP/1.1" 302 None
2025-05-08 16:46:44,297 - DEBUG - https://secure.quikchex.in:443 "GET / HTTP/1.1" 200 4403
2025-05-08 16:46:44,804 - DEBUG - Starting new HTTPS connection (1): secure.quikchex.in:443
2025-05-08 16:46:45,400 - DEBUG - https://secure.quikchex.in:443 "POST /send_opt_email HTTP/1.1" 200 None
2025-05-08 16:46:52,610 - DEBUG - Starting new HTTPS connection (1): secure.quikchex.in:443
2025-05-08 16:46:52,858 - DEBUG - https://secure.quikchex.in:443 "POST /get_otp HTTP/1.1" 200 None
2025-05-08 16:46:52,860 - DEBUG - Starting new HTTPS connection (1): secure.quikchex.in:443
2025-05-08 16:46:53,469 - DEBUG - https://secure.quikchex.in:443 "GET /companies/6268eafc22a8cf2f200000c6/employees/677b6f9cf866bc2cda7fe1c3/employee_daily_attendances/create_attendance_record.js?from_dashboard=true HTTP/1.1" 200 None
